0 info it worked if it ends with ok
1 verbose cli [ 'C:\\Program Files\\nodejs\\node.exe',
1 verbose cli   'C:\\Program Files\\nodejs\\node_modules\\npm\\bin\\npm-cli.js',
1 verbose cli   'run',
1 verbose cli   'start:dev' ]
2 info using npm@4.0.5
3 info using node@v7.4.0
4 verbose run-script [ 'prestart:dev', 'start:dev', 'poststart:dev' ]
5 info lifecycle opendata2017@1.0.0~prestart:dev: opendata2017@1.0.0
6 silly lifecycle opendata2017@1.0.0~prestart:dev: no script for prestart:dev, continuing
7 info lifecycle opendata2017@1.0.0~start:dev: opendata2017@1.0.0
8 verbose lifecycle opendata2017@1.0.0~start:dev: unsafe-perm in lifecycle true
9 verbose lifecycle opendata2017@1.0.0~start:dev: PATH: C:\Program Files\nodejs\node_modules\npm\bin\node-gyp-bin;C:\Users\Justin\Documents\Developer\opendata2017\node_modules\.bin;C:\Users\Justin\Documents\cmder\bin;C:\Users\Justin\Documents\cmder\vendor\conemu-maximus5\ConEmu\Scripts;C:\Users\Justin\Documents\cmder\vendor\conemu-maximus5;C:\Users\Justin\Documents\cmder\vendor\conemu-maximus5\ConEmu;C:\Program Files\Broadcom\Broadcom 802.11 Network Adapter\Driver;C:\Program Files (x86)\Intel\iCLS Client\;C:\Program Files\Intel\iCLS Client\;C:\WINDOWS\system32;C:\WINDOWS;C:\WINDOWS\System32\Wbem;C:\WINDOWS\System32\WindowsPowerShell\v1.0\;C:\Program Files (x86)\Intel\OpenCL SDK\2.0\bin\x86;C:\Program Files (x86)\Intel\OpenCL SDK\2.0\bin\x64;C:\Program Files\Intel\Intel(R) Management Engine Components\DAL;C:\Program Files\Intel\Intel(R) Management Engine Components\IPT;C:\Program Files (x86)\Intel\Intel(R) Management Engine Components\DAL;C:\Program Files (x86)\Intel\Intel(R) Management Engine Components\IPT;C:\Program Files\Lenovo\Bluetooth Software\;C:\Program Files\Lenovo\Bluetooth Software\syswow64;C:\Program Files\Condusiv Technologies\ExpressCache\;C:\ProgramData\Lenovo\ReadyApps;C:\Program Files (x86)\Skype\Phone\;C:\Program Files\nodejs\;C:\Program Files\Git\cmd;C:\Users\Justin\AppData\Local\Programs\Python\Python36-32\Scripts\;C:\Users\Justin\AppData\Local\Programs\Python\Python36-32\;C:\Users\Justin\AppData\Local\Microsoft\WindowsApps;C:\Users\Justin\AppData\Roaming\npm;C:\Users\Justin\AppData\Local\atom\bin;C:\Program Files\Heroku\bin;C:\Program Files\Git\usr\bin;C:\Program Files\Git\usr\share\vim\vim74;C:\Users\Justin\Documents\cmder\
10 verbose lifecycle opendata2017@1.0.0~start:dev: CWD: C:\Users\Justin\Documents\Developer\opendata2017
11 silly lifecycle opendata2017@1.0.0~start:dev: Args: [ '/d /s /c', 'nodemon server' ]
12 silly lifecycle opendata2017@1.0.0~start:dev: Returned: code: 1  signal: null
13 info lifecycle opendata2017@1.0.0~start:dev: Failed to exec start:dev script
14 verbose stack Error: opendata2017@1.0.0 start:dev: `nodemon server`
14 verbose stack Exit status 1
14 verbose stack     at EventEmitter.<anonymous> (C:\Program Files\nodejs\node_modules\npm\lib\utils\lifecycle.js:279:16)
14 verbose stack     at emitTwo (events.js:106:13)
14 verbose stack     at EventEmitter.emit (events.js:191:7)
14 verbose stack     at ChildProcess.<anonymous> (C:\Program Files\nodejs\node_modules\npm\lib\utils\spawn.js:40:14)
14 verbose stack     at emitTwo (events.js:106:13)
14 verbose stack     at ChildProcess.emit (events.js:191:7)
14 verbose stack     at maybeClose (internal/child_process.js:885:16)
14 verbose stack     at Process.ChildProcess._handle.onexit (internal/child_process.js:226:5)
15 verbose pkgid opendata2017@1.0.0
16 verbose cwd C:\Users\Justin\Documents\Developer\opendata2017
17 error Windows_NT 10.0.14393
18 error argv "C:\\Program Files\\nodejs\\node.exe" "C:\\Program Files\\nodejs\\node_modules\\npm\\bin\\npm-cli.js" "run" "start:dev"
19 error node v7.4.0
20 error npm  v4.0.5
21 error code ELIFECYCLE
22 error opendata2017@1.0.0 start:dev: `nodemon server`
22 error Exit status 1
23 error Failed at the opendata2017@1.0.0 start:dev script 'nodemon server'.
23 error Make sure you have the latest version of node.js and npm installed.
23 error If you do, this is most likely a problem with the opendata2017 package,
23 error not with npm itself.
23 error Tell the author that this fails on your system:
23 error     nodemon server
23 error You can get information on how to open an issue for this project with:
23 error     npm bugs opendata2017
23 error Or if that isn't available, you can get their info via:
23 error     npm owner ls opendata2017
23 error There is likely additional logging output above.
24 verbose exit [ 1, true ]
